# JRE version: OpenJDK Runtime Environment (8.0_152-b06) (build 1.8.0_152-release-1136-b06)
# Java VM: OpenJDK 64-Bit Server VM (25.152-b06 mixed mode windows-amd64 compressed oops)
Heap:
 PSYoungGen      total 159744K, used 117309K [0x00000000e0000000, 0x00000000ec300000, 0x0000000100000000)
  eden space 135680K, 68% used [0x00000000e0000000,0x00000000e5b10290,0x00000000e8480000)
  from space 24064K, 99% used [0x00000000ea200000,0x00000000eb97f450,0x00000000eb980000)
  to   space 30208K, 0% used [0x00000000e8480000,0x00000000e8480000,0x00000000ea200000)
 ParOldGen       total 152576K, used 43896K [0x00000000a0000000, 0x00000000a9500000, 0x00000000e0000000)
  object space 152576K, 28% used [0x00000000a0000000,0x00000000a2ade060,0x00000000a9500000)
 Metaspace       used 67914K, capacity 70828K, committed 70912K, reserved 1110016K
  class space    used 8892K, capacity 9661K, committed 9728K, reserved 1048576K
GC Heap History (10 events):
Event: 44.054 GC heap before
{Heap before GC invocations=17 (full 2):
 PSYoungGen      total 110592K, used 90999K [0x00000000e0000000, 0x00000000e8500000, 0x0000000100000000)
  eden space 95232K, 79% used [0x00000000e0000000,0x00000000e49e3c88,0x00000000e5d00000)
  from space 15360K, 99% used [0x00000000e6f00000,0x00000000e7dfa0f0,0x00000000e7e00000)
  to   space 18432K, 0% used [0x00000000e5d00000,0x00000000e5d00000,0x00000000e6f00000)
 ParOldGen       total 100352K, used 21869K [0x00000000a0000000, 0x00000000a6200000, 0x00000000e0000000)
  object space 100352K, 21% used [0x00000000a0000000,0x00000000a155b680,0x00000000a6200000)
 Metaspace       used 57102K, capacity 58976K, committed 59008K, reserved 1099776K
  class space    used 7807K, capacity 8313K, committed 8320K, reserved 1048576K
Event: 44.090 GC heap after
Heap after GC invocations=17 (full 2):
 PSYoungGen      total 113664K, used 18406K [0x00000000e0000000, 0x00000000ea300000, 0x0000000100000000)
  eden space 95232K, 0% used [0x00000000e0000000,0x00000000e0000000,0x00000000e5d00000)
  from space 18432K, 99% used [0x00000000e5d00000,0x00000000e6ef9be8,0x00000000e6f00000)
  to   space 22016K, 0% used [0x00000000e8d80000,0x00000000e8d80000,0x00000000ea300000)
 ParOldGen       total 100352K, used 25063K [0x00000000a0000000, 0x00000000a6200000, 0x00000000e0000000)
  object space 100352K, 24% used [0x00000000a0000000,0x00000000a1879cc0,0x00000000a6200000)
 Metaspace       used 57102K, capacity 58976K, committed 59008K, reserved 1099776K
  class space    used 7807K, capacity 8313K, committed 8320K, reserved 1048576K
}
Event: 44.091 GC heap before
{Heap before GC invocations=18 (full 3):
 PSYoungGen      total 113664K, used 18406K [0x00000000e0000000, 0x00000000ea300000, 0x0000000100000000)
  eden space 95232K, 0% used [0x00000000e0000000,0x00000000e0000000,0x00000000e5d00000)
  from space 18432K, 99% used [0x00000000e5d00000,0x00000000e6ef9be8,0x00000000e6f00000)
  to   space 22016K, 0% used [0x00000000e8d80000,0x00000000e8d80000,0x00000000ea300000)
 ParOldGen       total 100352K, used 25063K [0x00000000a0000000, 0x00000000a6200000, 0x00000000e0000000)
  object space 100352K, 24% used [0x00000000a0000000,0x00000000a1879cc0,0x00000000a6200000)
 Metaspace       used 57102K, capacity 58976K, committed 59008K, reserved 1099776K
  class space    used 7807K, capacity 8313K, committed 8320K, reserved 1048576K
Event: 44.597 GC heap after
Heap after GC invocations=18 (full 3):
 PSYoungGen      total 113664K, used 0K [0x00000000e0000000, 0x00000000ea300000, 0x0000000100000000)
  eden space 95232K, 0% used [0x00000000e0000000,0x00000000e0000000,0x00000000e5d00000)
  from space 18432K, 0% used [0x00000000e5d00000,0x00000000e5d00000,0x00000000e6f00000)
  to   space 22016K, 0% used [0x00000000e8d80000,0x00000000e8d80000,0x00000000ea300000)
 ParOldGen       total 152576K, used 36431K [0x00000000a0000000, 0x00000000a9500000, 0x00000000e0000000)
  object space 152576K, 23% used [0x00000000a0000000,0x00000000a2393c50,0x00000000a9500000)
 Metaspace       used 57102K, capacity 58976K, committed 59008K, reserved 1099776K
  class space    used 7807K, capacity 8313K, committed 8320K, reserved 1048576K
}
Event: 46.743 GC heap before
{Heap before GC invocations=19 (full 3):
 PSYoungGen      total 113664K, used 95232K [0x00000000e0000000, 0x00000000ea300000, 0x0000000100000000)
  eden space 95232K, 100% used [0x00000000e0000000,0x00000000e5d00000,0x00000000e5d00000)
  from space 18432K, 0% used [0x00000000e5d00000,0x00000000e5d00000,0x00000000e6f00000)
  to   space 22016K, 0% used [0x00000000e8d80000,0x00000000e8d80000,0x00000000ea300000)
 ParOldGen       total 152576K, used 36431K [0x00000000a0000000, 0x00000000a9500000, 0x00000000e0000000)
  object space 152576K, 23% used [0x00000000a0000000,0x00000000a2393c50,0x00000000a9500000)
 Metaspace       used 57825K, capacity 59768K, committed 59904K, reserved 1101824K
  class space    used 7888K, capacity 8392K, committed 8448K, reserved 1048576K
Event: 46.828 GC heap after
Heap after GC invocations=19 (full 3):
 PSYoungGen      total 141824K, used 11074K [0x00000000e0000000, 0x00000000ea100000, 0x0000000100000000)
  eden space 121856K, 0% used [0x00000000e0000000,0x00000000e0000000,0x00000000e7700000)
  from space 19968K, 55% used [0x00000000e8d80000,0x00000000e9850938,0x00000000ea100000)
  to   space 21504K, 0% used [0x00000000e7700000,0x00000000e7700000,0x00000000e8c00000)
 ParOldGen       total 152576K, used 36431K [0x00000000a0000000, 0x00000000a9500000, 0x00000000e0000000)
  object space 152576K, 23% used [0x00000000a0000000,0x00000000a2393c50,0x00000000a9500000)
 Metaspace       used 57825K, capacity 59768K, committed 59904K, reserved 1101824K
  class space    used 7888K, capacity 8392K, committed 8448K, reserved 1048576K
}
Event: 56.680 GC heap before
{Heap before GC invocations=20 (full 3):
 PSYoungGen      total 141824K, used 132930K [0x00000000e0000000, 0x00000000ea100000, 0x0000000100000000)
  eden space 121856K, 100% used [0x00000000e0000000,0x00000000e7700000,0x00000000e7700000)
  from space 19968K, 55% used [0x00000000e8d80000,0x00000000e9850938,0x00000000ea100000)
  to   space 21504K, 0% used [0x00000000e7700000,0x00000000e7700000,0x00000000e8c00000)
 ParOldGen       total 152576K, used 36431K [0x00000000a0000000, 0x00000000a9500000, 0x00000000e0000000)
  object space 152576K, 23% used [0x00000000a0000000,0x00000000a2393c50,0x00000000a9500000)
 Metaspace       used 59734K, capacity 61748K, committed 61952K, reserved 1101824K
  class space    used 8095K, capacity 8620K, committed 8704K, reserved 1048576K
Event: 56.715 GC heap after
Heap after GC invocations=20 (full 3):
 PSYoungGen      total 143360K, used 20416K [0x00000000e0000000, 0x00000000eb980000, 0x0000000100000000)
  eden space 121856K, 0% used [0x00000000e0000000,0x00000000e0000000,0x00000000e7700000)
  from space 21504K, 94% used [0x00000000e7700000,0x00000000e8af0020,0x00000000e8c00000)
  to   space 24064K, 0% used [0x00000000ea200000,0x00000000ea200000,0x00000000eb980000)
 ParOldGen       total 152576K, used 36439K [0x00000000a0000000, 0x00000000a9500000, 0x00000000e0000000)
  object space 152576K, 23% used [0x00000000a0000000,0x00000000a2395c50,0x00000000a9500000)
 Metaspace       used 59734K, capacity 61748K, committed 61952K, reserved 1101824K
  class space    used 8095K, capacity 8620K, committed 8704K, reserved 1048576K
}
Event: 86.471 GC heap before
{Heap before GC invocations=21 (full 3):
 PSYoungGen      total 143360K, used 142272K [0x00000000e0000000, 0x00000000eb980000, 0x0000000100000000)
  eden space 121856K, 100% used [0x00000000e0000000,0x00000000e7700000,0x00000000e7700000)
  from space 21504K, 94% used [0x00000000e7700000,0x00000000e8af0020,0x00000000e8c00000)
  to   space 24064K, 0% used [0x00000000ea200000,0x00000000ea200000,0x00000000eb980000)
 ParOldGen       total 152576K, used 36439K [0x00000000a0000000, 0x00000000a9500000, 0x00000000e0000000)
  object space 152576K, 23% used [0x00000000a0000000,0x00000000a2395c50,0x00000000a9500000)
 Metaspace       used 67073K, capacity 69724K, committed 70016K, reserved 1110016K
  class space    used 8794K, capacity 9484K, committed 9600K, reserved 1048576K
Event: 86.537 GC heap after
Heap after GC invocations=21 (full 3):
 PSYoungGen      total 159744K, used 24061K [0x00000000e0000000, 0x00000000ec300000, 0x0000000100000000)
  eden space 135680K, 0% used [0x00000000e0000000,0x00000000e0000000,0x00000000e8480000)
  from space 24064K, 99% used [0x00000000ea200000,0x00000000eb97f450,0x00000000eb980000)
  to   space 30208K, 0% used [0x00000000e8480000,0x00000000e8480000,0x00000000ea200000)
 ParOldGen       total 152576K, used 43896K [0x00000000a0000000, 0x00000000a9500000, 0x00000000e0000000)
  object space 152576K, 28% used [0x00000000a0000000,0x00000000a2ade060,0x00000000a9500000)
 Metaspace       used 67073K, capacity 69724K, committed 70016K, reserved 1110016K
  class space    used 8794K, capacity 9484K, committed 9600K, reserved 1048576K
}

