# JRE version: OpenJDK Runtime Environment (8.0_152-b01) (build 1.8.0_152-release-1248-b01)
# Java VM: OpenJDK 64-Bit Server VM (25.152-b01 mixed mode windows-amd64 compressed oops)
Heap:
 PSYoungGen      total 375296K, used 375147K [0x00000000e0000000, 0x0000000100000000, 0x0000000100000000)
  eden space 228352K, 100% used [0x00000000e0000000,0x00000000edf00000,0x00000000edf00000)
  from space 146944K, 99% used [0x00000000edf00000,0x00000000f6e5ac28,0x00000000f6e80000)
  to   space 148992K, 99% used [0x00000000f6e80000,0x00000000ffffa0e0,0x0000000100000000)
 ParOldGen       total 488448K, used 343208K [0x00000000a0000000, 0x00000000bdd00000, 0x00000000e0000000)
  object space 488448K, 70% used [0x00000000a0000000,0x00000000b4f2e050,0x00000000bdd00000)
 Metaspace       used 126849K, capacity 132162K, committed 132312K, reserved 1165312K
  class space    used 16283K, capacity 17376K, committed 17408K, reserved 1048576K
GC Heap History (10 events):
Event: 961.564 GC heap after
Heap after GC invocations=30 (full 5):
 PSYoungGen      total 288256K, used 31475K [0x00000000e0000000, 0x00000000fec80000, 0x0000000100000000)
  eden space 256512K, 0% used [0x00000000e0000000,0x00000000e0000000,0x00000000efa80000)
  from space 31744K, 99% used [0x00000000efa80000,0x00000000f193cfb0,0x00000000f1980000)
  to   space 123904K, 0% used [0x00000000f7380000,0x00000000f7380000,0x00000000fec80000)
 ParOldGen       total 488448K, used 317119K [0x00000000a0000000, 0x00000000bdd00000, 0x00000000e0000000)
  object space 488448K, 64% used [0x00000000a0000000,0x00000000b35afd18,0x00000000bdd00000)
 Metaspace       used 98158K, capacity 101706K, committed 102104K, reserved 1138688K
  class space    used 12614K, capacity 13446K, committed 13568K, reserved 1048576K
}
Event: 1219.493 GC heap before
{Heap before GC invocations=31 (full 5):
 PSYoungGen      total 288256K, used 287987K [0x00000000e0000000, 0x00000000fec80000, 0x0000000100000000)
  eden space 256512K, 100% used [0x00000000e0000000,0x00000000efa80000,0x00000000efa80000)
  from space 31744K, 99% used [0x00000000efa80000,0x00000000f193cfb0,0x00000000f1980000)
  to   space 123904K, 0% used [0x00000000f7380000,0x00000000f7380000,0x00000000fec80000)
 ParOldGen       total 488448K, used 317119K [0x00000000a0000000, 0x00000000bdd00000, 0x00000000e0000000)
  object space 488448K, 64% used [0x00000000a0000000,0x00000000b35afd18,0x00000000bdd00000)
 Metaspace       used 108376K, capacity 112786K, committed 112984K, reserved 1146880K
  class space    used 13957K, capacity 14892K, committed 14976K, reserved 1048576K
Event: 1219.577 GC heap after
Heap after GC invocations=31 (full 5):
 PSYoungGen      total 384512K, used 19956K [0x00000000e0000000, 0x0000000100000000, 0x0000000100000000)
  eden space 260608K, 0% used [0x00000000e0000000,0x00000000e0000000,0x00000000efe80000)
  from space 123904K, 16% used [0x00000000f7380000,0x00000000f86fd208,0x00000000fec80000)
  to   space 119808K, 0% used [0x00000000efe80000,0x00000000efe80000,0x00000000f7380000)
 ParOldGen       total 488448K, used 325019K [0x00000000a0000000, 0x00000000bdd00000, 0x00000000e0000000)
  object space 488448K, 66% used [0x00000000a0000000,0x00000000b3d66e18,0x00000000bdd00000)
 Metaspace       used 108376K, capacity 112786K, committed 112984K, reserved 1146880K
  class space    used 13957K, capacity 14892K, committed 14976K, reserved 1048576K
}
Event: 1236.942 GC heap before
{Heap before GC invocations=32 (full 5):
 PSYoungGen      total 384512K, used 280564K [0x00000000e0000000, 0x0000000100000000, 0x0000000100000000)
  eden space 260608K, 100% used [0x00000000e0000000,0x00000000efe80000,0x00000000efe80000)
  from space 123904K, 16% used [0x00000000f7380000,0x00000000f86fd208,0x00000000fec80000)
  to   space 119808K, 0% used [0x00000000efe80000,0x00000000efe80000,0x00000000f7380000)
 ParOldGen       total 488448K, used 325019K [0x00000000a0000000, 0x00000000bdd00000, 0x00000000e0000000)
  object space 488448K, 66% used [0x00000000a0000000,0x00000000b3d66e18,0x00000000bdd00000)
 Metaspace       used 119014K, capacity 123600K, committed 123864K, reserved 1157120K
  class space    used 15320K, capacity 16309K, committed 16384K, reserved 1048576K
Event: 1237.063 GC heap after
Heap after GC invocations=32 (full 5):
 PSYoungGen      total 380416K, used 79656K [0x00000000e0000000, 0x0000000100000000, 0x0000000100000000)
  eden space 260608K, 0% used [0x00000000e0000000,0x00000000e0000000,0x00000000efe80000)
  from space 119808K, 66% used [0x00000000efe80000,0x00000000f4c4a240,0x00000000f7380000)
  to   space 126464K, 0% used [0x00000000f8480000,0x00000000f8480000,0x0000000100000000)
 ParOldGen       total 488448K, used 325027K [0x00000000a0000000, 0x00000000bdd00000, 0x00000000e0000000)
  object space 488448K, 66% used [0x00000000a0000000,0x00000000b3d68e18,0x00000000bdd00000)
 Metaspace       used 119014K, capacity 123600K, committed 123864K, reserved 1157120K
  class space    used 15320K, capacity 16309K, committed 16384K, reserved 1048576K
}
Event: 1241.076 GC heap before
{Heap before GC invocations=33 (full 5):
 PSYoungGen      total 380416K, used 340264K [0x00000000e0000000, 0x0000000100000000, 0x0000000100000000)
  eden space 260608K, 100% used [0x00000000e0000000,0x00000000efe80000,0x00000000efe80000)
  from space 119808K, 66% used [0x00000000efe80000,0x00000000f4c4a240,0x00000000f7380000)
  to   space 126464K, 0% used [0x00000000f8480000,0x00000000f8480000,0x0000000100000000)
 ParOldGen       total 488448K, used 325027K [0x00000000a0000000, 0x00000000bdd00000, 0x00000000e0000000)
  object space 488448K, 66% used [0x00000000a0000000,0x00000000b3d68e18,0x00000000bdd00000)
 Metaspace       used 124760K, capacity 129606K, committed 129752K, reserved 1161216K
  class space    used 16005K, capacity 17044K, committed 17152K, reserved 1048576K
Event: 1241.292 GC heap after
Heap after GC invocations=33 (full 5):
 PSYoungGen      total 354816K, used 125149K [0x00000000e0000000, 0x0000000100000000, 0x0000000100000000)
  eden space 228352K, 0% used [0x00000000e0000000,0x00000000e0000000,0x00000000edf00000)
  from space 126464K, 98% used [0x00000000f8480000,0x00000000ffeb7630,0x0000000100000000)
  to   space 147968K, 0% used [0x00000000edf00000,0x00000000edf00000,0x00000000f6f80000)
 ParOldGen       total 488448K, used 325035K [0x00000000a0000000, 0x00000000bdd00000, 0x00000000e0000000)
  object space 488448K, 66% used [0x00000000a0000000,0x00000000b3d6ae18,0x00000000bdd00000)
 Metaspace       used 124760K, capacity 129606K, committed 129752K, reserved 1161216K
  class space    used 16005K, capacity 17044K, committed 17152K, reserved 1048576K
}
Event: 1245.285 GC heap before
{Heap before GC invocations=34 (full 5):
 PSYoungGen      total 354816K, used 353501K [0x00000000e0000000, 0x0000000100000000, 0x0000000100000000)
  eden space 228352K, 100% used [0x00000000e0000000,0x00000000edf00000,0x00000000edf00000)
  from space 126464K, 98% used [0x00000000f8480000,0x00000000ffeb7630,0x0000000100000000)
  to   space 147968K, 0% used [0x00000000edf00000,0x00000000edf00000,0x00000000f6f80000)
 ParOldGen       total 488448K, used 325035K [0x00000000a0000000, 0x00000000bdd00000, 0x00000000e0000000)
  object space 488448K, 66% used [0x00000000a0000000,0x00000000b3d6ae18,0x00000000bdd00000)
 Metaspace       used 126835K, capacity 132090K, committed 132312K, reserved 1165312K
  class space    used 16283K, capacity 17376K, committed 17408K, reserved 1048576K
Event: 1245.507 GC heap after
Heap after GC invocations=34 (full 5):
 PSYoungGen      total 375296K, used 146795K [0x00000000e0000000, 0x0000000100000000, 0x0000000100000000)
  eden space 228352K, 0% used [0x00000000e0000000,0x00000000e0000000,0x00000000edf00000)
  from space 146944K, 99% used [0x00000000edf00000,0x00000000f6e5ac28,0x00000000f6e80000)
  to   space 148992K, 0% used [0x00000000f6e80000,0x00000000f6e80000,0x0000000100000000)
 ParOldGen       total 488448K, used 325043K [0x00000000a0000000, 0x00000000bdd00000, 0x00000000e0000000)
  object space 488448K, 66% used [0x00000000a0000000,0x00000000b3d6ce18,0x00000000bdd00000)
 Metaspace       used 126835K, capacity 132090K, committed 132312K, reserved 1165312K
  class space    used 16283K, capacity 17376K, committed 17408K, reserved 1048576K
}
Event: 1246.470 GC heap before
{Heap before GC invocations=35 (full 5):
 PSYoungGen      total 375296K, used 375147K [0x00000000e0000000, 0x0000000100000000, 0x0000000100000000)
  eden space 228352K, 100% used [0x00000000e0000000,0x00000000edf00000,0x00000000edf00000)
  from space 146944K, 99% used [0x00000000edf00000,0x00000000f6e5ac28,0x00000000f6e80000)
  to   space 148992K, 0% used [0x00000000f6e80000,0x00000000f6e80000,0x0000000100000000)
 ParOldGen       total 488448K, used 325043K [0x00000000a0000000, 0x00000000bdd00000, 0x00000000e0000000)
  object space 488448K, 66% used [0x00000000a0000000,0x00000000b3d6ce18,0x00000000bdd00000)
 Metaspace       used 126849K, capacity 132162K, committed 132312K, reserved 1165312K
  class space    used 16283K, capacity 17376K, committed 17408K, reserved 1048576K

