# JRE version: OpenJDK Runtime Environment (8.0_152-b01) (build 1.8.0_152-release-1248-b01)
# Java VM: OpenJDK 64-Bit Server VM (25.152-b01 mixed mode windows-amd64 compressed oops)
Heap:
 PSYoungGen      total 426496K, used 426469K [0x00000000e0000000, 0x0000000100000000, 0x0000000100000000)
  eden space 328704K, 100% used [0x00000000e0000000,0x00000000f4100000,0x00000000f4100000)
  from space 97792K, 99% used [0x00000000f4100000,0x00000000fa0797b0,0x00000000fa080000)
  to   space 97792K, 99% used [0x00000000fa080000,0x00000000ffffa3c0,0x0000000100000000)
 ParOldGen       total 287232K, used 156710K [0x00000000a0000000, 0x00000000b1880000, 0x00000000e0000000)
  object space 287232K, 54% used [0x00000000a0000000,0x00000000a990f820,0x00000000b1880000)
 Metaspace       used 142857K, capacity 148824K, committed 149120K, reserved 1179648K
  class space    used 17781K, capacity 18984K, committed 19072K, reserved 1048576K
GC Heap History (10 events):
Event: 10635.657 GC heap after
Heap after GC invocations=47 (full 5):
 PSYoungGen      total 425472K, used 4048K [0x00000000e0000000, 0x00000000ffb80000, 0x0000000100000000)
  eden space 338432K, 0% used [0x00000000e0000000,0x00000000e0000000,0x00000000f4a80000)
  from space 87040K, 4% used [0x00000000fa680000,0x00000000faa740c0,0x00000000ffb80000)
  to   space 90624K, 0% used [0x00000000f4a80000,0x00000000f4a80000,0x00000000fa300000)
 ParOldGen       total 402944K, used 367756K [0x00000000a0000000, 0x00000000b8980000, 0x00000000e0000000)
  object space 402944K, 91% used [0x00000000a0000000,0x00000000b67230a8,0x00000000b8980000)
 Metaspace       used 139508K, capacity 145354K, committed 145536K, reserved 1175552K
  class space    used 17211K, capacity 18437K, committed 18560K, reserved 1048576K
}
Event: 10635.657 GC heap before
{Heap before GC invocations=48 (full 6):
 PSYoungGen      total 425472K, used 4048K [0x00000000e0000000, 0x00000000ffb80000, 0x0000000100000000)
  eden space 338432K, 0% used [0x00000000e0000000,0x00000000e0000000,0x00000000f4a80000)
  from space 87040K, 4% used [0x00000000fa680000,0x00000000faa740c0,0x00000000ffb80000)
  to   space 90624K, 0% used [0x00000000f4a80000,0x00000000f4a80000,0x00000000fa300000)
 ParOldGen       total 402944K, used 367756K [0x00000000a0000000, 0x00000000b8980000, 0x00000000e0000000)
  object space 402944K, 91% used [0x00000000a0000000,0x00000000b67230a8,0x00000000b8980000)
 Metaspace       used 139508K, capacity 145354K, committed 145536K, reserved 1175552K
  class space    used 17211K, capacity 18437K, committed 18560K, reserved 1048576K
Event: 10637.813 GC heap after
Heap after GC invocations=48 (full 6):
 PSYoungGen      total 425472K, used 0K [0x00000000e0000000, 0x00000000ffb80000, 0x0000000100000000)
  eden space 338432K, 0% used [0x00000000e0000000,0x00000000e0000000,0x00000000f4a80000)
  from space 87040K, 0% used [0x00000000fa680000,0x00000000fa680000,0x00000000ffb80000)
  to   space 90624K, 0% used [0x00000000f4a80000,0x00000000f4a80000,0x00000000fa300000)
 ParOldGen       total 287232K, used 81236K [0x00000000a0000000, 0x00000000b1880000, 0x00000000e0000000)
  object space 287232K, 28% used [0x00000000a0000000,0x00000000a4f551c8,0x00000000b1880000)
 Metaspace       used 122326K, capacity 127150K, committed 143488K, reserved 1173504K
  class space    used 15232K, capacity 16213K, committed 18560K, reserved 1048576K
}
Event: 10761.564 GC heap before
{Heap before GC invocations=49 (full 6):
 PSYoungGen      total 425472K, used 338432K [0x00000000e0000000, 0x00000000ffb80000, 0x0000000100000000)
  eden space 338432K, 100% used [0x00000000e0000000,0x00000000f4a80000,0x00000000f4a80000)
  from space 87040K, 0% used [0x00000000fa680000,0x00000000fa680000,0x00000000ffb80000)
  to   space 90624K, 0% used [0x00000000f4a80000,0x00000000f4a80000,0x00000000fa300000)
 ParOldGen       total 287232K, used 81236K [0x00000000a0000000, 0x00000000b1880000, 0x00000000e0000000)
  object space 287232K, 28% used [0x00000000a0000000,0x00000000a4f551c8,0x00000000b1880000)
 Metaspace       used 123412K, capacity 128464K, committed 143488K, reserved 1173504K
  class space    used 15346K, capacity 16368K, committed 18560K, reserved 1048576K
Event: 10761.634 GC heap after
Heap after GC invocations=49 (full 6):
 PSYoungGen      total 429056K, used 15291K [0x00000000e0000000, 0x00000000ffc80000, 0x0000000100000000)
  eden space 338432K, 0% used [0x00000000e0000000,0x00000000e0000000,0x00000000f4a80000)
  from space 90624K, 16% used [0x00000000f4a80000,0x00000000f596ec68,0x00000000fa300000)
  to   space 87040K, 0% used [0x00000000fa780000,0x00000000fa780000,0x00000000ffc80000)
 ParOldGen       total 287232K, used 81244K [0x00000000a0000000, 0x00000000b1880000, 0x00000000e0000000)
  object space 287232K, 28% used [0x00000000a0000000,0x00000000a4f571c8,0x00000000b1880000)
 Metaspace       used 123412K, capacity 128464K, committed 143488K, reserved 1173504K
  class space    used 15346K, capacity 16368K, committed 18560K, reserved 1048576K
}
Event: 10776.189 GC heap before
{Heap before GC invocations=50 (full 6):
 PSYoungGen      total 429056K, used 353723K [0x00000000e0000000, 0x00000000ffc80000, 0x0000000100000000)
  eden space 338432K, 100% used [0x00000000e0000000,0x00000000f4a80000,0x00000000f4a80000)
  from space 90624K, 16% used [0x00000000f4a80000,0x00000000f596ec68,0x00000000fa300000)
  to   space 87040K, 0% used [0x00000000fa780000,0x00000000fa780000,0x00000000ffc80000)
 ParOldGen       total 287232K, used 81244K [0x00000000a0000000, 0x00000000b1880000, 0x00000000e0000000)
  object space 287232K, 28% used [0x00000000a0000000,0x00000000a4f571c8,0x00000000b1880000)
 Metaspace       used 124375K, capacity 129540K, committed 143488K, reserved 1173504K
  class space    used 15452K, capacity 16488K, committed 18560K, reserved 1048576K
Event: 10776.408 GC heap after
Heap after GC invocations=50 (full 6):
 PSYoungGen      total 415744K, used 73055K [0x00000000e0000000, 0x0000000100000000, 0x0000000100000000)
  eden space 328704K, 0% used [0x00000000e0000000,0x00000000e0000000,0x00000000f4100000)
  from space 87040K, 83% used [0x00000000fa780000,0x00000000feed7c00,0x00000000ffc80000)
  to   space 97792K, 0% used [0x00000000f4100000,0x00000000f4100000,0x00000000fa080000)
 ParOldGen       total 287232K, used 81244K [0x00000000a0000000, 0x00000000b1880000, 0x00000000e0000000)
  object space 287232K, 28% used [0x00000000a0000000,0x00000000a4f571c8,0x00000000b1880000)
 Metaspace       used 124375K, capacity 129540K, committed 143488K, reserved 1173504K
  class space    used 15452K, capacity 16488K, committed 18560K, reserved 1048576K
}
Event: 10782.325 GC heap before
{Heap before GC invocations=51 (full 6):
 PSYoungGen      total 415744K, used 401759K [0x00000000e0000000, 0x0000000100000000, 0x0000000100000000)
  eden space 328704K, 100% used [0x00000000e0000000,0x00000000f4100000,0x00000000f4100000)
  from space 87040K, 83% used [0x00000000fa780000,0x00000000feed7c00,0x00000000ffc80000)
  to   space 97792K, 0% used [0x00000000f4100000,0x00000000f4100000,0x00000000fa080000)
 ParOldGen       total 287232K, used 81244K [0x00000000a0000000, 0x00000000b1880000, 0x00000000e0000000)
  object space 287232K, 28% used [0x00000000a0000000,0x00000000a4f571c8,0x00000000b1880000)
 Metaspace       used 140719K, capacity 146336K, committed 146688K, reserved 1177600K
  class space    used 17504K, capacity 18650K, committed 18688K, reserved 1048576K
Event: 10782.819 GC heap after
Heap after GC invocations=51 (full 6):
 PSYoungGen      total 426496K, used 97765K [0x00000000e0000000, 0x0000000100000000, 0x0000000100000000)
  eden space 328704K, 0% used [0x00000000e0000000,0x00000000e0000000,0x00000000f4100000)
  from space 97792K, 99% used [0x00000000f4100000,0x00000000fa0797b0,0x00000000fa080000)
  to   space 97792K, 0% used [0x00000000fa080000,0x00000000fa080000,0x0000000100000000)
 ParOldGen       total 287232K, used 122707K [0x00000000a0000000, 0x00000000b1880000, 0x00000000e0000000)
  object space 287232K, 42% used [0x00000000a0000000,0x00000000a77d4c80,0x00000000b1880000)
 Metaspace       used 140719K, capacity 146336K, committed 146688K, reserved 1177600K
  class space    used 17504K, capacity 18650K, committed 18688K, reserved 1048576K
}
Event: 10786.290 GC heap before
{Heap before GC invocations=52 (full 6):
 PSYoungGen      total 426496K, used 426469K [0x00000000e0000000, 0x0000000100000000, 0x0000000100000000)
  eden space 328704K, 100% used [0x00000000e0000000,0x00000000f4100000,0x00000000f4100000)
  from space 97792K, 99% used [0x00000000f4100000,0x00000000fa0797b0,0x00000000fa080000)
  to   space 97792K, 0% used [0x00000000fa080000,0x00000000fa080000,0x0000000100000000)
 ParOldGen       total 287232K, used 122707K [0x00000000a0000000, 0x00000000b1880000, 0x00000000e0000000)
  object space 287232K, 42% used [0x00000000a0000000,0x00000000a77d4c80,0x00000000b1880000)
 Metaspace       used 142857K, capacity 148824K, committed 149120K, reserved 1179648K
  class space    used 17781K, capacity 18984K, committed 19072K, reserved 1048576K

