# JRE version: OpenJDK Runtime Environment (8.0_152-b01) (build 1.8.0_152-release-1248-b01)
# Java VM: OpenJDK 64-Bit Server VM (25.152-b01 mixed mode windows-amd64 compressed oops)
Heap:
 PSYoungGen      total 342528K, used 277684K [0x00000000e0000000, 0x0000000100000000, 0x0000000100000000)
  eden space 225280K, 71% used [0x00000000e0000000,0x00000000e9cafb68,0x00000000edc00000)
  from space 117248K, 99% used [0x00000000f8a00000,0x00000000ffc7d728,0x00000000ffc80000)
  to   space 149504K, 0% used [0x00000000edc00000,0x00000000edc00000,0x00000000f6e00000)
 ParOldGen       total 312832K, used 199297K [0x00000000a0000000, 0x00000000b3180000, 0x00000000e0000000)
  object space 312832K, 63% used [0x00000000a0000000,0x00000000ac2a06c8,0x00000000b3180000)
 Metaspace       used 172312K, capacity 179708K, committed 179968K, reserved 1206272K
  class space    used 21580K, capacity 23021K, committed 23040K, reserved 1048576K
GC Heap History (10 events):
Event: 5626.514 GC heap before
{Heap before GC invocations=83 (full 11):
 PSYoungGen      total 393216K, used 27918K [0x00000000e0000000, 0x0000000100000000, 0x0000000100000000)
  eden space 263168K, 0% used [0x00000000e0000000,0x00000000e0000000,0x00000000f0100000)
  from space 130048K, 21% used [0x00000000f7c00000,0x00000000f9743a60,0x00000000ffb00000)
  to   space 125952K, 0% used [0x00000000f0100000,0x00000000f0100000,0x00000000f7c00000)
 ParOldGen       total 306688K, used 255656K [0x00000000a0000000, 0x00000000b2b80000, 0x00000000e0000000)
  object space 306688K, 83% used [0x00000000a0000000,0x00000000af9aa000,0x00000000b2b80000)
 Metaspace       used 153656K, capacity 160088K, committed 162560K, reserved 1189888K
  class space    used 19233K, capacity 20505K, committed 22784K, reserved 1048576K
Event: 5626.863 GC heap after
Heap after GC invocations=83 (full 11):
 PSYoungGen      total 393216K, used 0K [0x00000000e0000000, 0x0000000100000000, 0x0000000100000000)
  eden space 263168K, 0% used [0x00000000e0000000,0x00000000e0000000,0x00000000f0100000)
  from space 130048K, 0% used [0x00000000f7c00000,0x00000000f7c00000,0x00000000ffb00000)
  to   space 125952K, 0% used [0x00000000f0100000,0x00000000f0100000,0x00000000f7c00000)
 ParOldGen       total 312832K, used 94079K [0x00000000a0000000, 0x00000000b3180000, 0x00000000e0000000)
  object space 312832K, 30% used [0x00000000a0000000,0x00000000a5bdfef0,0x00000000b3180000)
 Metaspace       used 153656K, capacity 160088K, committed 162560K, reserved 1189888K
  class space    used 19233K, capacity 20505K, committed 22784K, reserved 1048576K
}
Event: 5976.927 GC heap before
{Heap before GC invocations=84 (full 11):
 PSYoungGen      total 393216K, used 263168K [0x00000000e0000000, 0x0000000100000000, 0x0000000100000000)
  eden space 263168K, 100% used [0x00000000e0000000,0x00000000f0100000,0x00000000f0100000)
  from space 130048K, 0% used [0x00000000f7c00000,0x00000000f7c00000,0x00000000ffb00000)
  to   space 125952K, 0% used [0x00000000f0100000,0x00000000f0100000,0x00000000f7c00000)
 ParOldGen       total 312832K, used 94079K [0x00000000a0000000, 0x00000000b3180000, 0x00000000e0000000)
  object space 312832K, 30% used [0x00000000a0000000,0x00000000a5bdfef0,0x00000000b3180000)
 Metaspace       used 153879K, capacity 160378K, committed 162816K, reserved 1189888K
  class space    used 19248K, capacity 20532K, committed 22784K, reserved 1048576K
Event: 5976.961 GC heap after
Heap after GC invocations=84 (full 11):
 PSYoungGen      total 389120K, used 26451K [0x00000000e0000000, 0x00000000ff400000, 0x0000000100000000)
  eden space 263168K, 0% used [0x00000000e0000000,0x00000000e0000000,0x00000000f0100000)
  from space 125952K, 21% used [0x00000000f0100000,0x00000000f1ad4cc0,0x00000000f7c00000)
  to   space 121856K, 0% used [0x00000000f7d00000,0x00000000f7d00000,0x00000000ff400000)
 ParOldGen       total 312832K, used 94087K [0x00000000a0000000, 0x00000000b3180000, 0x00000000e0000000)
  object space 312832K, 30% used [0x00000000a0000000,0x00000000a5be1ef0,0x00000000b3180000)
 Metaspace       used 153879K, capacity 160378K, committed 162816K, reserved 1189888K
  class space    used 19248K, capacity 20532K, committed 22784K, reserved 1048576K
}
Event: 5980.617 GC heap before
{Heap before GC invocations=85 (full 11):
 PSYoungGen      total 389120K, used 289619K [0x00000000e0000000, 0x00000000ff400000, 0x0000000100000000)
  eden space 263168K, 100% used [0x00000000e0000000,0x00000000f0100000,0x00000000f0100000)
  from space 125952K, 21% used [0x00000000f0100000,0x00000000f1ad4cc0,0x00000000f7c00000)
  to   space 121856K, 0% used [0x00000000f7d00000,0x00000000f7d00000,0x00000000ff400000)
 ParOldGen       total 312832K, used 94087K [0x00000000a0000000, 0x00000000b3180000, 0x00000000e0000000)
  object space 312832K, 30% used [0x00000000a0000000,0x00000000a5be1ef0,0x00000000b3180000)
 Metaspace       used 167136K, capacity 173884K, committed 174592K, reserved 1202176K
  class space    used 20903K, capacity 22243K, committed 22784K, reserved 1048576K
Event: 5980.692 GC heap after
Heap after GC invocations=85 (full 11):
 PSYoungGen      total 393728K, used 54419K [0x00000000e0000000, 0x00000000ff300000, 0x0000000100000000)
  eden space 272896K, 0% used [0x00000000e0000000,0x00000000e0000000,0x00000000f0a80000)
  from space 120832K, 45% used [0x00000000f7d00000,0x00000000fb224da8,0x00000000ff300000)
  to   space 117248K, 0% used [0x00000000f0a80000,0x00000000f0a80000,0x00000000f7d00000)
 ParOldGen       total 312832K, used 119569K [0x00000000a0000000, 0x00000000b3180000, 0x00000000e0000000)
  object space 312832K, 38% used [0x00000000a0000000,0x00000000a74c45d8,0x00000000b3180000)
 Metaspace       used 167136K, capacity 173884K, committed 174592K, reserved 1202176K
  class space    used 20903K, capacity 22243K, committed 22784K, reserved 1048576K
}
Event: 5984.390 GC heap before
{Heap before GC invocations=86 (full 11):
 PSYoungGen      total 393728K, used 327315K [0x00000000e0000000, 0x00000000ff300000, 0x0000000100000000)
  eden space 272896K, 100% used [0x00000000e0000000,0x00000000f0a80000,0x00000000f0a80000)
  from space 120832K, 45% used [0x00000000f7d00000,0x00000000fb224da8,0x00000000ff300000)
  to   space 117248K, 0% used [0x00000000f0a80000,0x00000000f0a80000,0x00000000f7d00000)
 ParOldGen       total 312832K, used 119569K [0x00000000a0000000, 0x00000000b3180000, 0x00000000e0000000)
  object space 312832K, 38% used [0x00000000a0000000,0x00000000a74c45d8,0x00000000b3180000)
 Metaspace       used 170657K, capacity 177594K, committed 177664K, reserved 1204224K
  class space    used 21344K, capacity 22724K, committed 22784K, reserved 1048576K
Event: 5985.310 GC heap after
Heap after GC invocations=86 (full 11):
 PSYoungGen      total 390144K, used 66359K [0x00000000e0000000, 0x00000000ffc80000, 0x0000000100000000)
  eden space 272896K, 0% used [0x00000000e0000000,0x00000000e0000000,0x00000000f0a80000)
  from space 117248K, 56% used [0x00000000f0a80000,0x00000000f4b4dd18,0x00000000f7d00000)
  to   space 117248K, 0% used [0x00000000f8a00000,0x00000000f8a00000,0x00000000ffc80000)
 ParOldGen       total 312832K, used 161717K [0x00000000a0000000, 0x00000000b3180000, 0x00000000e0000000)
  object space 312832K, 51% used [0x00000000a0000000,0x00000000a9ded548,0x00000000b3180000)
 Metaspace       used 170657K, capacity 177594K, committed 177664K, reserved 1204224K
  class space    used 21344K, capacity 22724K, committed 22784K, reserved 1048576K
}
Event: 5986.873 GC heap before
{Heap before GC invocations=87 (full 11):
 PSYoungGen      total 390144K, used 339255K [0x00000000e0000000, 0x00000000ffc80000, 0x0000000100000000)
  eden space 272896K, 100% used [0x00000000e0000000,0x00000000f0a80000,0x00000000f0a80000)
  from space 117248K, 56% used [0x00000000f0a80000,0x00000000f4b4dd18,0x00000000f7d00000)
  to   space 117248K, 0% used [0x00000000f8a00000,0x00000000f8a00000,0x00000000ffc80000)
 ParOldGen       total 312832K, used 161717K [0x00000000a0000000, 0x00000000b3180000, 0x00000000e0000000)
  object space 312832K, 51% used [0x00000000a0000000,0x00000000a9ded548,0x00000000b3180000)
 Metaspace       used 172311K, capacity 179708K, committed 179968K, reserved 1206272K
  class space    used 21580K, capacity 23021K, committed 23040K, reserved 1048576K
Event: 5987.144 GC heap after
Heap after GC invocations=87 (full 11):
 PSYoungGen      total 342528K, used 117237K [0x00000000e0000000, 0x0000000100000000, 0x0000000100000000)
  eden space 225280K, 0% used [0x00000000e0000000,0x00000000e0000000,0x00000000edc00000)
  from space 117248K, 99% used [0x00000000f8a00000,0x00000000ffc7d728,0x00000000ffc80000)
  to   space 149504K, 0% used [0x00000000edc00000,0x00000000edc00000,0x00000000f6e00000)
 ParOldGen       total 312832K, used 199297K [0x00000000a0000000, 0x00000000b3180000, 0x00000000e0000000)
  object space 312832K, 63% used [0x00000000a0000000,0x00000000ac2a06c8,0x00000000b3180000)
 Metaspace       used 172311K, capacity 179708K, committed 179968K, reserved 1206272K
  class space    used 21580K, capacity 23021K, committed 23040K, reserved 1048576K
}

