# JRE version: OpenJDK Runtime Environment (8.0_152-b01) (build 1.8.0_152-release-1248-b01)
# Java VM: OpenJDK 64-Bit Server VM (25.152-b01 mixed mode windows-amd64 compressed oops)
Heap:
 PSYoungGen      total 349184K, used 147674K [0x00000000e0000000, 0x00000000ff580000, 0x0000000100000000)
  eden space 195072K, 69% used [0x00000000e0000000,0x00000000e840f068,0x00000000ebe80000)
  from space 154112K, 8% used [0x00000000f5f00000,0x00000000f6b27b10,0x00000000ff580000)
  to   space 159232K, 0% used [0x00000000ebe80000,0x00000000ebe80000,0x00000000f5a00000)
 ParOldGen       total 470528K, used 342261K [0x00000000a0000000, 0x00000000bcb80000, 0x00000000e0000000)
  object space 470528K, 72% used [0x00000000a0000000,0x00000000b4e3d7a8,0x00000000bcb80000)
 Metaspace       used 151624K, capacity 158166K, committed 158296K, reserved 1187840K
  class space    used 19224K, capacity 20518K, committed 20608K, reserved 1048576K
GC Heap History (10 events):
Event: 1079.990 GC heap before
{Heap before GC invocations=51 (full 7):
 PSYoungGen      total 218624K, used 175104K [0x00000000e0000000, 0x00000000ff200000, 0x0000000100000000)
  eden space 175104K, 100% used [0x00000000e0000000,0x00000000eab00000,0x00000000eab00000)
  from space 43520K, 0% used [0x00000000eab00000,0x00000000eab00000,0x00000000ed580000)
  to   space 167424K, 0% used [0x00000000f4e80000,0x00000000f4e80000,0x00000000ff200000)
 ParOldGen       total 470528K, used 220677K [0x00000000a0000000, 0x00000000bcb80000, 0x00000000e0000000)
  object space 470528K, 46% used [0x00000000a0000000,0x00000000ad7817f0,0x00000000bcb80000)
 Metaspace       used 150790K, capacity 157000K, committed 157144K, reserved 1185792K
  class space    used 19184K, capacity 20447K, committed 20480K, reserved 1048576K
Event: 1080.142 GC heap after
Heap after GC invocations=51 (full 7):
 PSYoungGen      total 335360K, used 115851K [0x00000000e0000000, 0x0000000100000000, 0x0000000100000000)
  eden space 167936K, 0% used [0x00000000e0000000,0x00000000e0000000,0x00000000ea400000)
  from space 167424K, 69% used [0x00000000f4e80000,0x00000000fbfa2dd8,0x00000000ff200000)
  to   space 174592K, 0% used [0x00000000ea400000,0x00000000ea400000,0x00000000f4e80000)
 ParOldGen       total 470528K, used 220677K [0x00000000a0000000, 0x00000000bcb80000, 0x00000000e0000000)
  object space 470528K, 46% used [0x00000000a0000000,0x00000000ad7817f0,0x00000000bcb80000)
 Metaspace       used 150790K, capacity 157000K, committed 157144K, reserved 1185792K
  class space    used 19184K, capacity 20447K, committed 20480K, reserved 1048576K
}
Event: 1080.586 GC heap before
{Heap before GC invocations=52 (full 7):
 PSYoungGen      total 335360K, used 283787K [0x00000000e0000000, 0x0000000100000000, 0x0000000100000000)
  eden space 167936K, 100% used [0x00000000e0000000,0x00000000ea400000,0x00000000ea400000)
  from space 167424K, 69% used [0x00000000f4e80000,0x00000000fbfa2dd8,0x00000000ff200000)
  to   space 174592K, 0% used [0x00000000ea400000,0x00000000ea400000,0x00000000f4e80000)
 ParOldGen       total 470528K, used 220677K [0x00000000a0000000, 0x00000000bcb80000, 0x00000000e0000000)
  object space 470528K, 46% used [0x00000000a0000000,0x00000000ad7817f0,0x00000000bcb80000)
 Metaspace       used 150792K, capacity 157000K, committed 157144K, reserved 1185792K
  class space    used 19184K, capacity 20447K, committed 20480K, reserved 1048576K
Event: 1080.724 GC heap after
Heap after GC invocations=52 (full 7):
 PSYoungGen      total 342528K, used 53560K [0x00000000e0000000, 0x00000000ffb00000, 0x0000000100000000)
  eden space 167936K, 0% used [0x00000000e0000000,0x00000000e0000000,0x00000000ea400000)
  from space 174592K, 30% used [0x00000000ea400000,0x00000000ed84e3b8,0x00000000f4e80000)
  to   space 168448K, 0% used [0x00000000f5680000,0x00000000f5680000,0x00000000ffb00000)
 ParOldGen       total 470528K, used 288746K [0x00000000a0000000, 0x00000000bcb80000, 0x00000000e0000000)
  object space 470528K, 61% used [0x00000000a0000000,0x00000000b19fa8c0,0x00000000bcb80000)
 Metaspace       used 150792K, capacity 157000K, committed 157144K, reserved 1185792K
  class space    used 19184K, capacity 20447K, committed 20480K, reserved 1048576K
}
Event: 1091.742 GC heap before
{Heap before GC invocations=53 (full 7):
 PSYoungGen      total 342528K, used 221496K [0x00000000e0000000, 0x00000000ffb00000, 0x0000000100000000)
  eden space 167936K, 100% used [0x00000000e0000000,0x00000000ea400000,0x00000000ea400000)
  from space 174592K, 30% used [0x00000000ea400000,0x00000000ed84e3b8,0x00000000f4e80000)
  to   space 168448K, 0% used [0x00000000f5680000,0x00000000f5680000,0x00000000ffb00000)
 ParOldGen       total 470528K, used 288746K [0x00000000a0000000, 0x00000000bcb80000, 0x00000000e0000000)
  object space 470528K, 61% used [0x00000000a0000000,0x00000000b19fa8c0,0x00000000bcb80000)
 Metaspace       used 150860K, capacity 157076K, committed 157144K, reserved 1185792K
  class space    used 19186K, capacity 20449K, committed 20480K, reserved 1048576K
Event: 1091.804 GC heap after
Heap after GC invocations=53 (full 7):
 PSYoungGen      total 343552K, used 13097K [0x00000000e0000000, 0x00000000ff500000, 0x0000000100000000)
  eden space 181248K, 0% used [0x00000000e0000000,0x00000000e0000000,0x00000000eb100000)
  from space 162304K, 8% used [0x00000000f5680000,0x00000000f634a4e8,0x00000000ff500000)
  to   space 165888K, 0% used [0x00000000eb100000,0x00000000eb100000,0x00000000f5300000)
 ParOldGen       total 470528K, used 327205K [0x00000000a0000000, 0x00000000bcb80000, 0x00000000e0000000)
  object space 470528K, 69% used [0x00000000a0000000,0x00000000b3f89528,0x00000000bcb80000)
 Metaspace       used 150860K, capacity 157076K, committed 157144K, reserved 1185792K
  class space    used 19186K, capacity 20449K, committed 20480K, reserved 1048576K
}
Event: 1097.295 GC heap before
{Heap before GC invocations=54 (full 7):
 PSYoungGen      total 343552K, used 194345K [0x00000000e0000000, 0x00000000ff500000, 0x0000000100000000)
  eden space 181248K, 100% used [0x00000000e0000000,0x00000000eb100000,0x00000000eb100000)
  from space 162304K, 8% used [0x00000000f5680000,0x00000000f634a4e8,0x00000000ff500000)
  to   space 165888K, 0% used [0x00000000eb100000,0x00000000eb100000,0x00000000f5300000)
 ParOldGen       total 470528K, used 327205K [0x00000000a0000000, 0x00000000bcb80000, 0x00000000e0000000)
  object space 470528K, 69% used [0x00000000a0000000,0x00000000b3f89528,0x00000000bcb80000)
 Metaspace       used 151196K, capacity 157510K, committed 157656K, reserved 1185792K
  class space    used 19189K, capacity 20452K, committed 20480K, reserved 1048576K
Event: 1097.345 GC heap after
Heap after GC invocations=54 (full 7):
 PSYoungGen      total 347136K, used 8473K [0x00000000e0000000, 0x00000000ffe80000, 0x0000000100000000)
  eden space 181248K, 0% used [0x00000000e0000000,0x00000000e0000000,0x00000000eb100000)
  from space 165888K, 5% used [0x00000000eb100000,0x00000000eb946760,0x00000000f5300000)
  to   space 163328K, 0% used [0x00000000f5f00000,0x00000000f5f00000,0x00000000ffe80000)
 ParOldGen       total 470528K, used 339005K [0x00000000a0000000, 0x00000000bcb80000, 0x00000000e0000000)
  object space 470528K, 72% used [0x00000000a0000000,0x00000000b4b0f6f8,0x00000000bcb80000)
 Metaspace       used 151196K, capacity 157510K, committed 157656K, reserved 1185792K
  class space    used 19189K, capacity 20452K, committed 20480K, reserved 1048576K
}
Event: 1476.641 GC heap before
{Heap before GC invocations=55 (full 7):
 PSYoungGen      total 347136K, used 189721K [0x00000000e0000000, 0x00000000ffe80000, 0x0000000100000000)
  eden space 181248K, 100% used [0x00000000e0000000,0x00000000eb100000,0x00000000eb100000)
  from space 165888K, 5% used [0x00000000eb100000,0x00000000eb946760,0x00000000f5300000)
  to   space 163328K, 0% used [0x00000000f5f00000,0x00000000f5f00000,0x00000000ffe80000)
 ParOldGen       total 470528K, used 339005K [0x00000000a0000000, 0x00000000bcb80000, 0x00000000e0000000)
  object space 470528K, 72% used [0x00000000a0000000,0x00000000b4b0f6f8,0x00000000bcb80000)
 Metaspace       used 151560K, capacity 158002K, committed 158296K, reserved 1187840K
  class space    used 19221K, capacity 20512K, committed 20608K, reserved 1048576K
Event: 1476.670 GC heap after
Heap after GC invocations=55 (full 7):
 PSYoungGen      total 349184K, used 12446K [0x00000000e0000000, 0x00000000ff580000, 0x0000000100000000)
  eden space 195072K, 0% used [0x00000000e0000000,0x00000000e0000000,0x00000000ebe80000)
  from space 154112K, 8% used [0x00000000f5f00000,0x00000000f6b27b10,0x00000000ff580000)
  to   space 159232K, 0% used [0x00000000ebe80000,0x00000000ebe80000,0x00000000f5a00000)
 ParOldGen       total 470528K, used 342261K [0x00000000a0000000, 0x00000000bcb80000, 0x00000000e0000000)
  object space 470528K, 72% used [0x00000000a0000000,0x00000000b4e3d7a8,0x00000000bcb80000)
 Metaspace       used 151560K, capacity 158002K, committed 158296K, reserved 1187840K
  class space    used 19221K, capacity 20512K, committed 20608K, reserved 1048576K
}

