# JRE version: OpenJDK Runtime Environment (8.0_152-b01) (build 1.8.0_152-release-1248-b01)
# Java VM: OpenJDK 64-Bit Server VM (25.152-b01 mixed mode windows-amd64 compressed oops)
Heap:
 PSYoungGen      total 389632K, used 353585K [0x00000000e0000000, 0x0000000100000000, 0x0000000100000000)
  eden space 269312K, 100% used [0x00000000e0000000,0x00000000f0700000,0x00000000f0700000)
  from space 120320K, 70% used [0x00000000f8a80000,0x00000000fdccc588,0x0000000100000000)
  to   space 127488K, 15% used [0x00000000f0700000,0x00000000f19be158,0x00000000f8380000)
 ParOldGen       total 362496K, used 223462K [0x00000000a0000000, 0x00000000b6200000, 0x00000000e0000000)
  object space 362496K, 61% used [0x00000000a0000000,0x00000000ada39af8,0x00000000b6200000)
 Metaspace       used 145171K, capacity 152032K, committed 152104K, reserved 1181696K
  class space    used 17855K, capacity 19206K, committed 19248K, reserved 1048576K
GC Heap History (10 events):
Event: 11615.470 GC heap after
Heap after GC invocations=110 (full 10):
 PSYoungGen      total 386560K, used 12510K [0x00000000e0000000, 0x0000000100000000, 0x0000000100000000)
  eden space 265728K, 0% used [0x00000000e0000000,0x00000000e0000000,0x00000000f0380000)
  from space 120832K, 10% used [0x00000000f7680000,0x00000000f82b78d0,0x00000000fec80000)
  to   space 117760K, 0% used [0x00000000f0380000,0x00000000f0380000,0x00000000f7680000)
 ParOldGen       total 362496K, used 85668K [0x00000000a0000000, 0x00000000b6200000, 0x00000000e0000000)
  object space 362496K, 23% used [0x00000000a0000000,0x00000000a53a9328,0x00000000b6200000)
 Metaspace       used 126384K, capacity 132150K, committed 150440K, reserved 1181696K
  class space    used 15486K, capacity 16645K, committed 19120K, reserved 1048576K
}
Event: 11626.416 GC heap before
{Heap before GC invocations=111 (full 10):
 PSYoungGen      total 386560K, used 278238K [0x00000000e0000000, 0x0000000100000000, 0x0000000100000000)
  eden space 265728K, 100% used [0x00000000e0000000,0x00000000f0380000,0x00000000f0380000)
  from space 120832K, 10% used [0x00000000f7680000,0x00000000f82b78d0,0x00000000fec80000)
  to   space 117760K, 0% used [0x00000000f0380000,0x00000000f0380000,0x00000000f7680000)
 ParOldGen       total 362496K, used 85668K [0x00000000a0000000, 0x00000000b6200000, 0x00000000e0000000)
  object space 362496K, 23% used [0x00000000a0000000,0x00000000a53a9328,0x00000000b6200000)
 Metaspace       used 126759K, capacity 132856K, committed 150440K, reserved 1181696K
  class space    used 15527K, capacity 16720K, committed 19120K, reserved 1048576K
Event: 11626.452 GC heap after
Heap after GC invocations=111 (full 10):
 PSYoungGen      total 383488K, used 24780K [0x00000000e0000000, 0x00000000ff200000, 0x0000000100000000)
  eden space 265728K, 0% used [0x00000000e0000000,0x00000000e0000000,0x00000000f0380000)
  from space 117760K, 21% used [0x00000000f0380000,0x00000000f1bb3260,0x00000000f7680000)
  to   space 112128K, 0% used [0x00000000f8480000,0x00000000f8480000,0x00000000ff200000)
 ParOldGen       total 362496K, used 94443K [0x00000000a0000000, 0x00000000b6200000, 0x00000000e0000000)
  object space 362496K, 26% used [0x00000000a0000000,0x00000000a5c3ae38,0x00000000b6200000)
 Metaspace       used 126759K, capacity 132856K, committed 150440K, reserved 1181696K
  class space    used 15527K, capacity 16720K, committed 19120K, reserved 1048576K
}
Event: 11630.412 GC heap before
{Heap before GC invocations=112 (full 10):
 PSYoungGen      total 383488K, used 290508K [0x00000000e0000000, 0x00000000ff200000, 0x0000000100000000)
  eden space 265728K, 100% used [0x00000000e0000000,0x00000000f0380000,0x00000000f0380000)
  from space 117760K, 21% used [0x00000000f0380000,0x00000000f1bb3260,0x00000000f7680000)
  to   space 112128K, 0% used [0x00000000f8480000,0x00000000f8480000,0x00000000ff200000)
 ParOldGen       total 362496K, used 94443K [0x00000000a0000000, 0x00000000b6200000, 0x00000000e0000000)
  object space 362496K, 26% used [0x00000000a0000000,0x00000000a5c3ae38,0x00000000b6200000)
 Metaspace       used 140045K, capacity 146362K, committed 150440K, reserved 1181696K
  class space    used 17181K, capacity 18431K, committed 19120K, reserved 1048576K
Event: 11630.506 GC heap after
Heap after GC invocations=112 (full 10):
 PSYoungGen      total 399872K, used 52459K [0x00000000e0000000, 0x00000000ff680000, 0x0000000100000000)
  eden space 287744K, 0% used [0x00000000e0000000,0x00000000e0000000,0x00000000f1900000)
  from space 112128K, 46% used [0x00000000f8480000,0x00000000fb7bad18,0x00000000ff200000)
  to   space 110080K, 0% used [0x00000000f1900000,0x00000000f1900000,0x00000000f8480000)
 ParOldGen       total 362496K, used 118050K [0x00000000a0000000, 0x00000000b6200000, 0x00000000e0000000)
  object space 362496K, 32% used [0x00000000a0000000,0x00000000a7348ba8,0x00000000b6200000)
 Metaspace       used 140045K, capacity 146362K, committed 150440K, reserved 1181696K
  class space    used 17181K, capacity 18431K, committed 19120K, reserved 1048576K
}
Event: 11634.404 GC heap before
{Heap before GC invocations=113 (full 10):
 PSYoungGen      total 399872K, used 340203K [0x00000000e0000000, 0x00000000ff680000, 0x0000000100000000)
  eden space 287744K, 100% used [0x00000000e0000000,0x00000000f1900000,0x00000000f1900000)
  from space 112128K, 46% used [0x00000000f8480000,0x00000000fb7bad18,0x00000000ff200000)
  to   space 110080K, 0% used [0x00000000f1900000,0x00000000f1900000,0x00000000f8480000)
 ParOldGen       total 362496K, used 118050K [0x00000000a0000000, 0x00000000b6200000, 0x00000000e0000000)
  object space 362496K, 32% used [0x00000000a0000000,0x00000000a7348ba8,0x00000000b6200000)
 Metaspace       used 143528K, capacity 150050K, committed 150440K, reserved 1181696K
  class space    used 17620K, capacity 18909K, committed 19120K, reserved 1048576K
Event: 11634.573 GC heap after
Heap after GC invocations=113 (full 10):
 PSYoungGen      total 397824K, used 84635K [0x00000000e0000000, 0x0000000100000000, 0x0000000100000000)
  eden space 287744K, 0% used [0x00000000e0000000,0x00000000e0000000,0x00000000f1900000)
  from space 110080K, 76% used [0x00000000f1900000,0x00000000f6ba6c30,0x00000000f8480000)
  to   space 120320K, 0% used [0x00000000f8a80000,0x00000000f8a80000,0x0000000100000000)
 ParOldGen       total 362496K, used 157888K [0x00000000a0000000, 0x00000000b6200000, 0x00000000e0000000)
  object space 362496K, 43% used [0x00000000a0000000,0x00000000a9a303d8,0x00000000b6200000)
 Metaspace       used 143528K, capacity 150050K, committed 150440K, reserved 1181696K
  class space    used 17620K, capacity 18909K, committed 19120K, reserved 1048576K
}
Event: 11636.557 GC heap before
{Heap before GC invocations=114 (full 10):
 PSYoungGen      total 397824K, used 372379K [0x00000000e0000000, 0x0000000100000000, 0x0000000100000000)
  eden space 287744K, 100% used [0x00000000e0000000,0x00000000f1900000,0x00000000f1900000)
  from space 110080K, 76% used [0x00000000f1900000,0x00000000f6ba6c30,0x00000000f8480000)
  to   space 120320K, 0% used [0x00000000f8a80000,0x00000000f8a80000,0x0000000100000000)
 ParOldGen       total 362496K, used 157888K [0x00000000a0000000, 0x00000000b6200000, 0x00000000e0000000)
  object space 362496K, 43% used [0x00000000a0000000,0x00000000a9a303d8,0x00000000b6200000)
 Metaspace       used 145153K, capacity 152032K, committed 152104K, reserved 1181696K
  class space    used 17855K, capacity 19206K, committed 19248K, reserved 1048576K
Event: 11636.719 GC heap after
Heap after GC invocations=114 (full 10):
 PSYoungGen      total 389632K, used 84273K [0x00000000e0000000, 0x0000000100000000, 0x0000000100000000)
  eden space 269312K, 0% used [0x00000000e0000000,0x00000000e0000000,0x00000000f0700000)
  from space 120320K, 70% used [0x00000000f8a80000,0x00000000fdccc588,0x0000000100000000)
  to   space 127488K, 0% used [0x00000000f0700000,0x00000000f0700000,0x00000000f8380000)
 ParOldGen       total 362496K, used 191973K [0x00000000a0000000, 0x00000000b6200000, 0x00000000e0000000)
  object space 362496K, 52% used [0x00000000a0000000,0x00000000abb79780,0x00000000b6200000)
 Metaspace       used 145153K, capacity 152032K, committed 152104K, reserved 1181696K
  class space    used 17855K, capacity 19206K, committed 19248K, reserved 1048576K
}
Event: 11645.156 GC heap before
{Heap before GC invocations=115 (full 10):
 PSYoungGen      total 389632K, used 353585K [0x00000000e0000000, 0x0000000100000000, 0x0000000100000000)
  eden space 269312K, 100% used [0x00000000e0000000,0x00000000f0700000,0x00000000f0700000)
  from space 120320K, 70% used [0x00000000f8a80000,0x00000000fdccc588,0x0000000100000000)
  to   space 127488K, 0% used [0x00000000f0700000,0x00000000f0700000,0x00000000f8380000)
 ParOldGen       total 362496K, used 191973K [0x00000000a0000000, 0x00000000b6200000, 0x00000000e0000000)
  object space 362496K, 52% used [0x00000000a0000000,0x00000000abb79780,0x00000000b6200000)
 Metaspace       used 145171K, capacity 152032K, committed 152104K, reserved 1181696K
  class space    used 17855K, capacity 19206K, committed 19248K, reserved 1048576K

