# JRE version: OpenJDK Runtime Environment (8.0_152-b06) (build 1.8.0_152-release-1136-b06)
# Java VM: OpenJDK 64-Bit Server VM (25.152-b06 mixed mode windows-amd64 compressed oops)
Heap:
 PSYoungGen      total 411136K, used 321623K [0x00000000e0000000, 0x00000000ff100000, 0x0000000100000000)
  eden space 308224K, 99% used [0x00000000e0000000,0x00000000f2cf7db8,0x00000000f2d00000)
  from space 102912K, 13% used [0x00000000f8c80000,0x00000000f999e0f0,0x00000000ff100000)
  to   space 97792K, 0% used [0x00000000f2d00000,0x00000000f2d00000,0x00000000f8c80000)
 ParOldGen       total 465920K, used 238310K [0x00000000a0000000, 0x00000000bc700000, 0x00000000e0000000)
  object space 465920K, 51% used [0x00000000a0000000,0x00000000ae8b9978,0x00000000bc700000)
 Metaspace       used 140006K, capacity 145868K, committed 183000K, reserved 1206272K
  class space    used 17220K, capacity 18321K, committed 25856K, reserved 1048576K
GC Heap History (10 events):
Event: 11564.240 GC heap before
{Heap before GC invocations=113 (full 9):
 PSYoungGen      total 368128K, used 237830K [0x00000000e0000000, 0x00000000ff400000, 0x0000000100000000)
  eden space 234496K, 100% used [0x00000000e0000000,0x00000000ee500000,0x00000000ee500000)
  from space 133632K, 2% used [0x00000000ee500000,0x00000000ee841818,0x00000000f6780000)
  to   space 129024K, 0% used [0x00000000f7600000,0x00000000f7600000,0x00000000ff400000)
 ParOldGen       total 465920K, used 219708K [0x00000000a0000000, 0x00000000bc700000, 0x00000000e0000000)
  object space 465920K, 47% used [0x00000000a0000000,0x00000000ad68f2b0,0x00000000bc700000)
 Metaspace       used 139894K, capacity 145788K, committed 183000K, reserved 1206272K
  class space    used 17218K, capacity 18321K, committed 25856K, reserved 1048576K
Event: 11564.257 GC heap after
Heap after GC invocations=113 (full 9):
 PSYoungGen      total 384512K, used 10846K [0x00000000e0000000, 0x00000000fef80000, 0x0000000100000000)
  eden space 260096K, 0% used [0x00000000e0000000,0x00000000e0000000,0x00000000efe00000)
  from space 124416K, 8% used [0x00000000f7600000,0x00000000f80978c0,0x00000000fef80000)
  to   space 122880K, 0% used [0x00000000efe00000,0x00000000efe00000,0x00000000f7600000)
 ParOldGen       total 465920K, used 220111K [0x00000000a0000000, 0x00000000bc700000, 0x00000000e0000000)
  object space 465920K, 47% used [0x00000000a0000000,0x00000000ad6f3e48,0x00000000bc700000)
 Metaspace       used 139894K, capacity 145788K, committed 183000K, reserved 1206272K
  class space    used 17218K, capacity 18321K, committed 25856K, reserved 1048576K
}
Event: 11566.925 GC heap before
{Heap before GC invocations=114 (full 9):
 PSYoungGen      total 384512K, used 270942K [0x00000000e0000000, 0x00000000fef80000, 0x0000000100000000)
  eden space 260096K, 100% used [0x00000000e0000000,0x00000000efe00000,0x00000000efe00000)
  from space 124416K, 8% used [0x00000000f7600000,0x00000000f80978c0,0x00000000fef80000)
  to   space 122880K, 0% used [0x00000000efe00000,0x00000000efe00000,0x00000000f7600000)
 ParOldGen       total 465920K, used 220111K [0x00000000a0000000, 0x00000000bc700000, 0x00000000e0000000)
  object space 465920K, 47% used [0x00000000a0000000,0x00000000ad6f3e48,0x00000000bc700000)
 Metaspace       used 139914K, capacity 145792K, committed 183000K, reserved 1206272K
  class space    used 17218K, capacity 18321K, committed 25856K, reserved 1048576K
Event: 11566.966 GC heap after
Heap after GC invocations=114 (full 9):
 PSYoungGen      total 382976K, used 29079K [0x00000000e0000000, 0x00000000fec80000, 0x0000000100000000)
  eden space 260096K, 0% used [0x00000000e0000000,0x00000000e0000000,0x00000000efe00000)
  from space 122880K, 23% used [0x00000000efe00000,0x00000000f1a65fe8,0x00000000f7600000)
  to   space 113664K, 0% used [0x00000000f7d80000,0x00000000f7d80000,0x00000000fec80000)
 ParOldGen       total 465920K, used 223703K [0x00000000a0000000, 0x00000000bc700000, 0x00000000e0000000)
  object space 465920K, 48% used [0x00000000a0000000,0x00000000ada75ef8,0x00000000bc700000)
 Metaspace       used 139914K, capacity 145792K, committed 183000K, reserved 1206272K
  class space    used 17218K, capacity 18321K, committed 25856K, reserved 1048576K
}
Event: 11570.590 GC heap before
{Heap before GC invocations=115 (full 9):
 PSYoungGen      total 382976K, used 289175K [0x00000000e0000000, 0x00000000fec80000, 0x0000000100000000)
  eden space 260096K, 100% used [0x00000000e0000000,0x00000000efe00000,0x00000000efe00000)
  from space 122880K, 23% used [0x00000000efe00000,0x00000000f1a65fe8,0x00000000f7600000)
  to   space 113664K, 0% used [0x00000000f7d80000,0x00000000f7d80000,0x00000000fec80000)
 ParOldGen       total 465920K, used 223703K [0x00000000a0000000, 0x00000000bc700000, 0x00000000e0000000)
  object space 465920K, 48% used [0x00000000a0000000,0x00000000ada75ef8,0x00000000bc700000)
 Metaspace       used 139956K, capacity 145864K, committed 183000K, reserved 1206272K
  class space    used 17218K, capacity 18321K, committed 25856K, reserved 1048576K
Event: 11570.688 GC heap after
Heap after GC invocations=115 (full 9):
 PSYoungGen      total 395776K, used 14474K [0x00000000e0000000, 0x00000000fec00000, 0x0000000100000000)
  eden space 282624K, 0% used [0x00000000e0000000,0x00000000e0000000,0x00000000f1400000)
  from space 113152K, 12% used [0x00000000f7d80000,0x00000000f8ba28e0,0x00000000fec00000)
  to   space 108032K, 0% used [0x00000000f1400000,0x00000000f1400000,0x00000000f7d80000)
 ParOldGen       total 465920K, used 230610K [0x00000000a0000000, 0x00000000bc700000, 0x00000000e0000000)
  object space 465920K, 49% used [0x00000000a0000000,0x00000000ae134810,0x00000000bc700000)
 Metaspace       used 139956K, capacity 145864K, committed 183000K, reserved 1206272K
  class space    used 17218K, capacity 18321K, committed 25856K, reserved 1048576K
}
Event: 11575.253 GC heap before
{Heap before GC invocations=116 (full 9):
 PSYoungGen      total 395776K, used 297098K [0x00000000e0000000, 0x00000000fec00000, 0x0000000100000000)
  eden space 282624K, 100% used [0x00000000e0000000,0x00000000f1400000,0x00000000f1400000)
  from space 113152K, 12% used [0x00000000f7d80000,0x00000000f8ba28e0,0x00000000fec00000)
  to   space 108032K, 0% used [0x00000000f1400000,0x00000000f1400000,0x00000000f7d80000)
 ParOldGen       total 465920K, used 230610K [0x00000000a0000000, 0x00000000bc700000, 0x00000000e0000000)
  object space 465920K, 49% used [0x00000000a0000000,0x00000000ae134810,0x00000000bc700000)
 Metaspace       used 139962K, capacity 145864K, committed 183000K, reserved 1206272K
  class space    used 17219K, capacity 18321K, committed 25856K, reserved 1048576K
Event: 11575.285 GC heap after
Heap after GC invocations=116 (full 9):
 PSYoungGen      total 390656K, used 10285K [0x00000000e0000000, 0x00000000ff100000, 0x0000000100000000)
  eden space 282624K, 0% used [0x00000000e0000000,0x00000000e0000000,0x00000000f1400000)
  from space 108032K, 9% used [0x00000000f1400000,0x00000000f1e0b640,0x00000000f7d80000)
  to   space 102912K, 0% used [0x00000000f8c80000,0x00000000f8c80000,0x00000000ff100000)
 ParOldGen       total 465920K, used 238083K [0x00000000a0000000, 0x00000000bc700000, 0x00000000e0000000)
  object space 465920K, 51% used [0x00000000a0000000,0x00000000ae880ef0,0x00000000bc700000)
 Metaspace       used 139962K, capacity 145864K, committed 183000K, reserved 1206272K
  class space    used 17219K, capacity 18321K, committed 25856K, reserved 1048576K
}
Event: 11579.368 GC heap before
{Heap before GC invocations=117 (full 9):
 PSYoungGen      total 390656K, used 292909K [0x00000000e0000000, 0x00000000ff100000, 0x0000000100000000)
  eden space 282624K, 100% used [0x00000000e0000000,0x00000000f1400000,0x00000000f1400000)
  from space 108032K, 9% used [0x00000000f1400000,0x00000000f1e0b640,0x00000000f7d80000)
  to   space 102912K, 0% used [0x00000000f8c80000,0x00000000f8c80000,0x00000000ff100000)
 ParOldGen       total 465920K, used 238083K [0x00000000a0000000, 0x00000000bc700000, 0x00000000e0000000)
  object space 465920K, 51% used [0x00000000a0000000,0x00000000ae880ef0,0x00000000bc700000)
 Metaspace       used 139976K, capacity 145868K, committed 183000K, reserved 1206272K
  class space    used 17220K, capacity 18321K, committed 25856K, reserved 1048576K
Event: 11579.432 GC heap after
Heap after GC invocations=117 (full 9):
 PSYoungGen      total 411136K, used 13432K [0x00000000e0000000, 0x00000000ff100000, 0x0000000100000000)
  eden space 308224K, 0% used [0x00000000e0000000,0x00000000e0000000,0x00000000f2d00000)
  from space 102912K, 13% used [0x00000000f8c80000,0x00000000f999e0f0,0x00000000ff100000)
  to   space 97792K, 0% used [0x00000000f2d00000,0x00000000f2d00000,0x00000000f8c80000)
 ParOldGen       total 465920K, used 238310K [0x00000000a0000000, 0x00000000bc700000, 0x00000000e0000000)
  object space 465920K, 51% used [0x00000000a0000000,0x00000000ae8b9978,0x00000000bc700000)
 Metaspace       used 139976K, capacity 145868K, committed 183000K, reserved 1206272K
  class space    used 17220K, capacity 18321K, committed 25856K, reserved 1048576K
}

